2016/01/17 09:41:08 [error] [php] date(): It is not safe to rely on the system's timezone settings. You are *required* to use the date.timezone setting or the date_default_timezone_set() function. In case you used any of those methods and you are still getting this warning, you most likely misspelled the timezone identifier. We selected the timezone 'UTC' for now, but please set date.timezone to select your timezone. (/Library/WebServer/Documents/yii/ticket/protected/views/layouts/main.php:47)
Stack trace:
#0 /Library/WebServer/Documents/yii/framework/web/CBaseController.php(88): SiteController->renderInternal()
#1 /Library/WebServer/Documents/yii/framework/web/widgets/CContentDecorator.php(78): SiteController->renderFile()
#2 /Library/WebServer/Documents/yii/framework/web/widgets/CContentDecorator.php(56): CContentDecorator->decorate()
#3 /Library/WebServer/Documents/yii/framework/web/widgets/COutputProcessor.php(45): CContentDecorator->processOutput()
#4 /Library/WebServer/Documents/yii/framework/web/CBaseController.php(199): CContentDecorator->run()
#5 /Library/WebServer/Documents/yii/framework/web/CBaseController.php(294): SiteController->endWidget()
#6 /Library/WebServer/Documents/yii/ticket/protected/views/layouts/column1.php(7): SiteController->endContent()
#7 /Library/WebServer/Documents/yii/framework/web/CBaseController.php(119): require()
#8 /Library/WebServer/Documents/yii/framework/web/CBaseController.php(88): SiteController->renderInternal()
#9 /Library/WebServer/Documents/yii/framework/web/CController.php(748): SiteController->renderFile()
#10 /Library/WebServer/Documents/yii/ticket/protected/controllers/SiteController.php(32): SiteController->render()
#11 /Library/WebServer/Documents/yii/framework/web/actions/CInlineAction.php(57): SiteController->actionIndex()
#12 /Library/WebServer/Documents/yii/framework/web/CController.php(300): CInlineAction->run()
#13 /Library/WebServer/Documents/yii/framework/web/CController.php(278): SiteController->runAction()
#14 /Library/WebServer/Documents/yii/framework/web/CController.php(257): SiteController->runActionWithFilters()
#15 /Library/WebServer/Documents/yii/framework/web/CWebApplication.php(328): SiteController->run()
#16 /Library/WebServer/Documents/yii/framework/web/CWebApplication.php(121): CWebApplication->runController()
#17 /Library/WebServer/Documents/yii/framework/base/CApplication.php(155): CWebApplication->processRequest()
#18 /Library/WebServer/Documents/yii/ticket/index.php(13): CWebApplication->run()
REQUEST_URI=/yii/ticket/
in /Library/WebServer/Documents/yii/ticket/protected/views/layouts/main.php (47)
in /Library/WebServer/Documents/yii/ticket/protected/views/layouts/column1.php (7)
in /Library/WebServer/Documents/yii/ticket/protected/controllers/SiteController.php (32)
2016/01/17 09:41:22 [error] [php] date(): It is not safe to rely on the system's timezone settings. You are *required* to use the date.timezone setting or the date_default_timezone_set() function. In case you used any of those methods and you are still getting this warning, you most likely misspelled the timezone identifier. We selected the timezone 'UTC' for now, but please set date.timezone to select your timezone. (/Library/WebServer/Documents/yii/ticket/protected/views/layouts/main.php:47)
Stack trace:
#0 /Library/WebServer/Documents/yii/framework/web/CBaseController.php(88): SiteController->renderInternal()
#1 /Library/WebServer/Documents/yii/framework/web/widgets/CContentDecorator.php(78): SiteController->renderFile()
#2 /Library/WebServer/Documents/yii/framework/web/widgets/CContentDecorator.php(56): CContentDecorator->decorate()
#3 /Library/WebServer/Documents/yii/framework/web/widgets/COutputProcessor.php(45): CContentDecorator->processOutput()
#4 /Library/WebServer/Documents/yii/framework/web/CBaseController.php(199): CContentDecorator->run()
#5 /Library/WebServer/Documents/yii/framework/web/CBaseController.php(294): SiteController->endWidget()
#6 /Library/WebServer/Documents/yii/ticket/protected/views/layouts/column1.php(7): SiteController->endContent()
#7 /Library/WebServer/Documents/yii/framework/web/CBaseController.php(119): require()
#8 /Library/WebServer/Documents/yii/framework/web/CBaseController.php(88): SiteController->renderInternal()
#9 /Library/WebServer/Documents/yii/framework/web/CController.php(748): SiteController->renderFile()
#10 /Library/WebServer/Documents/yii/ticket/protected/controllers/SiteController.php(32): SiteController->render()
#11 /Library/WebServer/Documents/yii/framework/web/actions/CInlineAction.php(57): SiteController->actionIndex()
#12 /Library/WebServer/Documents/yii/framework/web/CController.php(300): CInlineAction->run()
#13 /Library/WebServer/Documents/yii/framework/web/CController.php(278): SiteController->runAction()
#14 /Library/WebServer/Documents/yii/framework/web/CController.php(257): SiteController->runActionWithFilters()
#15 /Library/WebServer/Documents/yii/framework/web/CWebApplication.php(328): SiteController->run()
#16 /Library/WebServer/Documents/yii/framework/web/CWebApplication.php(121): CWebApplication->runController()
#17 /Library/WebServer/Documents/yii/framework/base/CApplication.php(155): CWebApplication->processRequest()
#18 /Library/WebServer/Documents/yii/ticket/index.php(13): CWebApplication->run()
REQUEST_URI=/yii/ticket/index.php
in /Library/WebServer/Documents/yii/ticket/protected/views/layouts/main.php (47)
in /Library/WebServer/Documents/yii/ticket/protected/views/layouts/column1.php (7)
in /Library/WebServer/Documents/yii/ticket/protected/controllers/SiteController.php (32)
2016/01/17 09:58:11 [error] [exception.CDbException] exception 'CDbException' with message 'CDbConnection failed to open the DB connection: SQLSTATE[HY000] [2002] No such file or directory' in /Library/WebServer/Documents/yii/framework/db/CDbConnection.php:287
Stack trace:
#0 /Library/WebServer/Documents/yii/framework/db/CDbConnection.php(260): CDbConnection->open()
#1 /Library/WebServer/Documents/yii/framework/db/CDbConnection.php(238): CDbConnection->setActive(true)
#2 /Library/WebServer/Documents/yii/framework/base/CModule.php(372): CDbConnection->init()
#3 /Library/WebServer/Documents/yii/framework/base/CModule.php(86): CModule->getComponent('db')
#4 /Library/WebServer/Documents/yii/framework/gii/generators/model/ModelCode.php(52): CModule->__get('db')
#5 /Library/WebServer/Documents/yii/framework/web/CFormModel.php(40): ModelCode->init()
#6 /Library/WebServer/Documents/yii/framework/gii/CCodeGenerator.php(149): CFormModel->__construct()
#7 /Library/WebServer/Documents/yii/framework/gii/CCodeGenerator.php(61): CCodeGenerator->prepare()
#8 /Library/WebServer/Documents/yii/framework/web/actions/CInlineAction.php(57): CCodeGenerator->actionIndex()
#9 /Library/WebServer/Documents/yii/framework/web/CController.php(300): CInlineAction->run()
#10 /Library/WebServer/Documents/yii/framework/web/CController.php(278): CController->runAction(Object(CInlineAction))
#11 /Library/WebServer/Documents/yii/framework/web/CController.php(257): CController->runActionWithFilters(Object(CInlineAction), Array)
#12 /Library/WebServer/Documents/yii/framework/web/CWebApplication.php(328): CController->run('')
#13 /Library/WebServer/Documents/yii/framework/web/CWebApplication.php(121): CWebApplication->runController('gii/model')
#14 /Library/WebServer/Documents/yii/framework/base/CApplication.php(155): CWebApplication->processRequest()
#15 /Library/WebServer/Documents/yii/ticket/index.php(13): CApplication->run()
#16 {main} REQUEST_URI=/yii/ticket/index.php?r=gii/model
2016/01/17 10:00:02 [error] [exception.CDbException] exception 'CDbException' with message 'CDbConnection failed to open the DB connection: SQLSTATE[HY000] [2002] No such file or directory' in /Library/WebServer/Documents/yii/framework/db/CDbConnection.php:287
Stack trace:
#0 /Library/WebServer/Documents/yii/framework/db/CDbConnection.php(260): CDbConnection->open()
#1 /Library/WebServer/Documents/yii/framework/db/CDbConnection.php(238): CDbConnection->setActive(true)
#2 /Library/WebServer/Documents/yii/framework/base/CModule.php(372): CDbConnection->init()
#3 /Library/WebServer/Documents/yii/framework/base/CModule.php(86): CModule->getComponent('db')
#4 /Library/WebServer/Documents/yii/framework/gii/generators/model/ModelCode.php(52): CModule->__get('db')
#5 /Library/WebServer/Documents/yii/framework/web/CFormModel.php(40): ModelCode->init()
#6 /Library/WebServer/Documents/yii/framework/gii/CCodeGenerator.php(149): CFormModel->__construct()
#7 /Library/WebServer/Documents/yii/framework/gii/CCodeGenerator.php(61): CCodeGenerator->prepare()
#8 /Library/WebServer/Documents/yii/framework/web/actions/CInlineAction.php(57): CCodeGenerator->actionIndex()
#9 /Library/WebServer/Documents/yii/framework/web/CController.php(300): CInlineAction->run()
#10 /Library/WebServer/Documents/yii/framework/web/CController.php(278): CController->runAction(Object(CInlineAction))
#11 /Library/WebServer/Documents/yii/framework/web/CController.php(257): CController->runActionWithFilters(Object(CInlineAction), Array)
#12 /Library/WebServer/Documents/yii/framework/web/CWebApplication.php(328): CController->run('')
#13 /Library/WebServer/Documents/yii/framework/web/CWebApplication.php(121): CWebApplication->runController('gii/model')
#14 /Library/WebServer/Documents/yii/framework/base/CApplication.php(155): CWebApplication->processRequest()
#15 /Library/WebServer/Documents/yii/ticket/index.php(13): CApplication->run()
#16 {main} REQUEST_URI=/yii/ticket/index.php?r=gii/model
2016/01/17 10:00:03 [error] [exception.CDbException] exception 'CDbException' with message 'CDbConnection failed to open the DB connection: SQLSTATE[HY000] [2002] No such file or directory' in /Library/WebServer/Documents/yii/framework/db/CDbConnection.php:287
Stack trace:
#0 /Library/WebServer/Documents/yii/framework/db/CDbConnection.php(260): CDbConnection->open()
#1 /Library/WebServer/Documents/yii/framework/db/CDbConnection.php(238): CDbConnection->setActive(true)
#2 /Library/WebServer/Documents/yii/framework/base/CModule.php(372): CDbConnection->init()
#3 /Library/WebServer/Documents/yii/framework/base/CModule.php(86): CModule->getComponent('db')
#4 /Library/WebServer/Documents/yii/framework/gii/generators/model/ModelCode.php(52): CModule->__get('db')
#5 /Library/WebServer/Documents/yii/framework/web/CFormModel.php(40): ModelCode->init()
#6 /Library/WebServer/Documents/yii/framework/gii/CCodeGenerator.php(149): CFormModel->__construct()
#7 /Library/WebServer/Documents/yii/framework/gii/CCodeGenerator.php(61): CCodeGenerator->prepare()
#8 /Library/WebServer/Documents/yii/framework/web/actions/CInlineAction.php(57): CCodeGenerator->actionIndex()
#9 /Library/WebServer/Documents/yii/framework/web/CController.php(300): CInlineAction->run()
#10 /Library/WebServer/Documents/yii/framework/web/CController.php(278): CController->runAction(Object(CInlineAction))
#11 /Library/WebServer/Documents/yii/framework/web/CController.php(257): CController->runActionWithFilters(Object(CInlineAction), Array)
#12 /Library/WebServer/Documents/yii/framework/web/CWebApplication.php(328): CController->run('')
#13 /Library/WebServer/Documents/yii/framework/web/CWebApplication.php(121): CWebApplication->runController('gii/model')
#14 /Library/WebServer/Documents/yii/framework/base/CApplication.php(155): CWebApplication->processRequest()
#15 /Library/WebServer/Documents/yii/ticket/index.php(13): CApplication->run()
#16 {main} REQUEST_URI=/yii/ticket/index.php?r=gii/model
2016/01/17 10:06:47 [error] [exception.CDbException] exception 'CDbException' with message 'CDbConnection failed to open the DB connection: SQLSTATE[HY000] [2002] No such file or directory' in /Library/WebServer/Documents/yii/framework/db/CDbConnection.php:287
Stack trace:
#0 /Library/WebServer/Documents/yii/framework/db/CDbConnection.php(260): CDbConnection->open()
#1 /Library/WebServer/Documents/yii/framework/db/CDbConnection.php(238): CDbConnection->setActive(true)
#2 /Library/WebServer/Documents/yii/framework/base/CModule.php(372): CDbConnection->init()
#3 /Library/WebServer/Documents/yii/framework/base/CModule.php(86): CModule->getComponent('db')
#4 /Library/WebServer/Documents/yii/framework/gii/generators/model/ModelCode.php(52): CModule->__get('db')
#5 /Library/WebServer/Documents/yii/framework/web/CFormModel.php(40): ModelCode->init()
#6 /Library/WebServer/Documents/yii/framework/gii/CCodeGenerator.php(149): CFormModel->__construct()
#7 /Library/WebServer/Documents/yii/framework/gii/CCodeGenerator.php(61): CCodeGenerator->prepare()
#8 /Library/WebServer/Documents/yii/framework/web/actions/CInlineAction.php(57): CCodeGenerator->actionIndex()
#9 /Library/WebServer/Documents/yii/framework/web/CController.php(300): CInlineAction->run()
#10 /Library/WebServer/Documents/yii/framework/web/CController.php(278): CController->runAction(Object(CInlineAction))
#11 /Library/WebServer/Documents/yii/framework/web/CController.php(257): CController->runActionWithFilters(Object(CInlineAction), Array)
#12 /Library/WebServer/Documents/yii/framework/web/CWebApplication.php(328): CController->run('')
#13 /Library/WebServer/Documents/yii/framework/web/CWebApplication.php(121): CWebApplication->runController('gii/model')
#14 /Library/WebServer/Documents/yii/framework/base/CApplication.php(155): CWebApplication->processRequest()
#15 /Library/WebServer/Documents/yii/ticket/index.php(13): CApplication->run()
#16 {main} REQUEST_URI=/yii/ticket/index.php?r=gii/model
2016/01/17 10:32:56 [error] [exception.CHttpException.404] exception 'CHttpException' with message 'Unable to resolve the request "r/ticket".' in /Library/WebServer/Documents/yii/framework/web/CWebApplication.php:332
Stack trace:
#0 /Library/WebServer/Documents/yii/framework/web/CWebApplication.php(121): CWebApplication->runController('r/ticket')
#1 /Library/WebServer/Documents/yii/framework/base/CApplication.php(155): CWebApplication->processRequest()
#2 /Library/WebServer/Documents/yii/ticket/index.php(13): CApplication->run()
#3 {main} REQUEST_URI=/yii/ticket/index.php?r=r/ticket
2016/01/17 10:33:22 [error] [exception.CHttpException.404] exception 'CHttpException' with message 'Unable to resolve the request "r/ticket".' in /Library/WebServer/Documents/yii/framework/web/CWebApplication.php:332
Stack trace:
#0 /Library/WebServer/Documents/yii/framework/web/CWebApplication.php(121): CWebApplication->runController('r/ticket')
#1 /Library/WebServer/Documents/yii/framework/base/CApplication.php(155): CWebApplication->processRequest()
#2 /Library/WebServer/Documents/yii/ticket/index.php(13): CApplication->run()
#3 {main} REQUEST_URI=/yii/ticket/index.php?r=r/ticket
2016/01/19 15:32:58 [error] [php] date(): It is not safe to rely on the system's timezone settings. You are *required* to use the date.timezone setting or the date_default_timezone_set() function. In case you used any of those methods and you are still getting this warning, you most likely misspelled the timezone identifier. We selected the timezone 'UTC' for now, but please set date.timezone to select your timezone. (/Library/WebServer/Documents/yii/ticket/protected/controllers/UserController.php:72)
Stack trace:
#0 /Library/WebServer/Documents/yii/framework/web/CController.php(300): CInlineAction->run()
#1 /Library/WebServer/Documents/yii/framework/web/filters/CFilterChain.php(133): UserController->runAction()
#2 /Library/WebServer/Documents/yii/framework/web/filters/CFilter.php(41): CFilterChain->run()
#3 /Library/WebServer/Documents/yii/framework/web/CController.php(1088): CAccessControlFilter->filter()
#4 /Library/WebServer/Documents/yii/framework/web/filters/CInlineFilter.php(59): UserController->filterAccessControl()
#5 /Library/WebServer/Documents/yii/framework/web/filters/CFilterChain.php(130): CInlineFilter->filter()
#6 /Library/WebServer/Documents/yii/framework/web/CController.php(283): CFilterChain->run()
#7 /Library/WebServer/Documents/yii/framework/web/CController.php(257): UserController->runActionWithFilters()
#8 /Library/WebServer/Documents/yii/framework/web/CWebApplication.php(328): UserController->run()
#9 /Library/WebServer/Documents/yii/framework/web/CWebApplication.php(121): CWebApplication->runController()
#10 /Library/WebServer/Documents/yii/framework/base/CApplication.php(155): CWebApplication->processRequest()
#11 /Library/WebServer/Documents/yii/ticket/index.php(13): CWebApplication->run()
REQUEST_URI=/yii/ticket/index.php?r=user/create
in /Library/WebServer/Documents/yii/ticket/protected/controllers/UserController.php (72)
in /Library/WebServer/Documents/yii/ticket/index.php (13)
2016/01/19 15:38:22 [error] [php] date(): It is not safe to rely on the system's timezone settings. You are *required* to use the date.timezone setting or the date_default_timezone_set() function. In case you used any of those methods and you are still getting this warning, you most likely misspelled the timezone identifier. We selected the timezone 'UTC' for now, but please set date.timezone to select your timezone. (/Library/WebServer/Documents/yii/ticket/protected/controllers/UserController.php:72)
Stack trace:
#0 /Library/WebServer/Documents/yii/framework/web/CController.php(300): CInlineAction->run()
#1 /Library/WebServer/Documents/yii/framework/web/filters/CFilterChain.php(133): UserController->runAction()
#2 /Library/WebServer/Documents/yii/framework/web/filters/CFilter.php(41): CFilterChain->run()
#3 /Library/WebServer/Documents/yii/framework/web/CController.php(1088): CAccessControlFilter->filter()
#4 /Library/WebServer/Documents/yii/framework/web/filters/CInlineFilter.php(59): UserController->filterAccessControl()
#5 /Library/WebServer/Documents/yii/framework/web/filters/CFilterChain.php(130): CInlineFilter->filter()
#6 /Library/WebServer/Documents/yii/framework/web/CController.php(283): CFilterChain->run()
#7 /Library/WebServer/Documents/yii/framework/web/CController.php(257): UserController->runActionWithFilters()
#8 /Library/WebServer/Documents/yii/framework/web/CWebApplication.php(328): UserController->run()
#9 /Library/WebServer/Documents/yii/framework/web/CWebApplication.php(121): CWebApplication->runController()
#10 /Library/WebServer/Documents/yii/framework/base/CApplication.php(155): CWebApplication->processRequest()
#11 /Library/WebServer/Documents/yii/ticket/index.php(14): CWebApplication->run()
REQUEST_URI=/yii/ticket/index.php?r=user/create
in /Library/WebServer/Documents/yii/ticket/protected/controllers/UserController.php (72)
in /Library/WebServer/Documents/yii/ticket/index.php (14)
2016/01/19 15:38:30 [error] [php] date(): It is not safe to rely on the system's timezone settings. You are *required* to use the date.timezone setting or the date_default_timezone_set() function. In case you used any of those methods and you are still getting this warning, you most likely misspelled the timezone identifier. We selected the timezone 'UTC' for now, but please set date.timezone to select your timezone. (/Library/WebServer/Documents/yii/ticket/protected/controllers/UserController.php:72)
Stack trace:
#0 /Library/WebServer/Documents/yii/framework/web/CController.php(300): CInlineAction->run()
#1 /Library/WebServer/Documents/yii/framework/web/filters/CFilterChain.php(133): UserController->runAction()
#2 /Library/WebServer/Documents/yii/framework/web/filters/CFilter.php(41): CFilterChain->run()
#3 /Library/WebServer/Documents/yii/framework/web/CController.php(1088): CAccessControlFilter->filter()
#4 /Library/WebServer/Documents/yii/framework/web/filters/CInlineFilter.php(59): UserController->filterAccessControl()
#5 /Library/WebServer/Documents/yii/framework/web/filters/CFilterChain.php(130): CInlineFilter->filter()
#6 /Library/WebServer/Documents/yii/framework/web/CController.php(283): CFilterChain->run()
#7 /Library/WebServer/Documents/yii/framework/web/CController.php(257): UserController->runActionWithFilters()
#8 /Library/WebServer/Documents/yii/framework/web/CWebApplication.php(328): UserController->run()
#9 /Library/WebServer/Documents/yii/framework/web/CWebApplication.php(121): CWebApplication->runController()
#10 /Library/WebServer/Documents/yii/framework/base/CApplication.php(155): CWebApplication->processRequest()
#11 /Library/WebServer/Documents/yii/ticket/index.php(14): CWebApplication->run()
REQUEST_URI=/yii/ticket/index.php?r=user/create
in /Library/WebServer/Documents/yii/ticket/protected/controllers/UserController.php (72)
in /Library/WebServer/Documents/yii/ticket/index.php (14)
2016/01/20 00:05:22 [error] [exception.CException] exception 'CException' with message '属性 "CStringValidator.0" 未被定义.' in /Library/WebServer/Documents/yii/framework/base/CComponent.php:173
Stack trace:
#0 /Library/WebServer/Documents/yii/framework/validators/CValidator.php(161): CComponent->__set('0', 'required')
#1 /Library/WebServer/Documents/yii/framework/base/CModel.php(281): CValidator::createValidator('length', Object(User), 'name', Array)
#2 /Library/WebServer/Documents/yii/framework/base/CModel.php(255): CModel->createValidators()
#3 /Library/WebServer/Documents/yii/framework/base/CModel.php(299): CModel->getValidators('user_code')
#4 /Library/WebServer/Documents/yii/framework/web/helpers/CHtml.php(1166): CModel->isAttributeRequired('user_code')
#5 /Library/WebServer/Documents/yii/framework/web/widgets/CActiveForm.php(468): CHtml::activeLabelEx(Object(User), 'user_code', Array)
#6 /Library/WebServer/Documents/yii/ticket/protected/views/user/_form.php(13): CActiveForm->labelEx(Object(User), 'user_code')
#7 /Library/WebServer/Documents/yii/framework/web/CBaseController.php(119): require('/Library/WebSer...')
#8 /Library/WebServer/Documents/yii/framework/web/CBaseController.php(88): CBaseController->renderInternal('/Library/WebSer...', Array, true)
#9 /Library/WebServer/Documents/yii/framework/web/CController.php(833): CBaseController->renderFile('/Library/WebSer...', Array, true)
#10 /Library/WebServer/Documents/yii/ticket/protected/views/user/create.php(15): CController->renderPartial('_form', Array)
#11 /Library/WebServer/Documents/yii/framework/web/CBaseController.php(119): require('/Library/WebSer...')
#12 /Library/WebServer/Documents/yii/framework/web/CBaseController.php(88): CBaseController->renderInternal('/Library/WebSer...', Array, true)
#13 /Library/WebServer/Documents/yii/framework/web/CController.php(833): CBaseController->renderFile('/Library/WebSer...', Array, true)
#14 /Library/WebServer/Documents/yii/framework/web/CController.php(746): CController->renderPartial('create', Array, true)
#15 /Library/WebServer/Documents/yii/ticket/protected/controllers/UserController.php(81): CController->render('create', Array)
#16 /Library/WebServer/Documents/yii/framework/web/actions/CInlineAction.php(57): UserController->actionCreate()
#17 /Library/WebServer/Documents/yii/framework/web/CController.php(300): CInlineAction->run()
#18 /Library/WebServer/Documents/yii/framework/web/filters/CFilterChain.php(133): CController->runAction(Object(CInlineAction))
#19 /Library/WebServer/Documents/yii/framework/web/filters/CFilter.php(41): CFilterChain->run()
#20 /Library/WebServer/Documents/yii/framework/web/CController.php(1088): CFilter->filter(Object(CFilterChain))
#21 /Library/WebServer/Documents/yii/framework/web/filters/CInlineFilter.php(59): CController->filterAccessControl(Object(CFilterChain))
#22 /Library/WebServer/Documents/yii/framework/web/filters/CFilterChain.php(130): CInlineFilter->filter(Object(CFilterChain))
#23 /Library/WebServer/Documents/yii/framework/web/CController.php(283): CFilterChain->run()
#24 /Library/WebServer/Documents/yii/framework/web/CController.php(257): CController->runActionWithFilters(Object(CInlineAction), Array)
#25 /Library/WebServer/Documents/yii/framework/web/CWebApplication.php(328): CController->run('create')
#26 /Library/WebServer/Documents/yii/framework/web/CWebApplication.php(121): CWebApplication->runController('user/create')
#27 /Library/WebServer/Documents/yii/framework/base/CApplication.php(155): CWebApplication->processRequest()
#28 /Library/WebServer/Documents/yii/ticket/index.php(14): CApplication->run()
#29 {main} REQUEST_URI=/yii/ticket/index.php?r=user/create
2016/01/20 23:24:03 [error] [exception.CException] exception 'CException' with message '属性 "CJuiDatePicker.dateFormat" 未被定义.' in /Library/WebServer/Documents/yii/framework/base/CComponent.php:173
Stack trace:
#0 /Library/WebServer/Documents/yii/framework/web/CWidgetFactory.php(162): CComponent->__set('dateFormat', 'yymmdd')
#1 /Library/WebServer/Documents/yii/framework/web/CBaseController.php(139): CWidgetFactory->createWidget(Object(TicketController), 'zii.widgets.jui...', Array)
#2 /Library/WebServer/Documents/yii/framework/web/CBaseController.php(165): CBaseController->createWidget('zii.widgets.jui...', Array)
#3 /Library/WebServer/Documents/yii/ticket_mgmt/protected/views/ticket/_form.php(35): CBaseController->widget('zii.widgets.jui...', Array)
#4 /Library/WebServer/Documents/yii/framework/web/CBaseController.php(119): require('/Library/WebSer...')
#5 /Library/WebServer/Documents/yii/framework/web/CBaseController.php(88): CBaseController->renderInternal('/Library/WebSer...', Array, true)
#6 /Library/WebServer/Documents/yii/framework/web/CController.php(833): CBaseController->renderFile('/Library/WebSer...', Array, true)
#7 /Library/WebServer/Documents/yii/ticket_mgmt/protected/views/ticket/create.php(15): CController->renderPartial('_form', Array)
#8 /Library/WebServer/Documents/yii/framework/web/CBaseController.php(119): require('/Library/WebSer...')
#9 /Library/WebServer/Documents/yii/framework/web/CBaseController.php(88): CBaseController->renderInternal('/Library/WebSer...', Array, true)
#10 /Library/WebServer/Documents/yii/framework/web/CController.php(833): CBaseController->renderFile('/Library/WebSer...', Array, true)
#11 /Library/WebServer/Documents/yii/framework/web/CController.php(746): CController->renderPartial('create', Array, true)
#12 /Library/WebServer/Documents/yii/ticket_mgmt/protected/controllers/TicketController.php(81): CController->render('create', Array)
#13 /Library/WebServer/Documents/yii/framework/web/actions/CInlineAction.php(57): TicketController->actionCreate()
#14 /Library/WebServer/Documents/yii/framework/web/CController.php(300): CInlineAction->run()
#15 /Library/WebServer/Documents/yii/framework/web/filters/CFilterChain.php(133): CController->runAction(Object(CInlineAction))
#16 /Library/WebServer/Documents/yii/framework/web/filters/CFilter.php(41): CFilterChain->run()
#17 /Library/WebServer/Documents/yii/framework/web/CController.php(1088): CFilter->filter(Object(CFilterChain))
#18 /Library/WebServer/Documents/yii/framework/web/filters/CInlineFilter.php(59): CController->filterAccessControl(Object(CFilterChain))
#19 /Library/WebServer/Documents/yii/framework/web/filters/CFilterChain.php(130): CInlineFilter->filter(Object(CFilterChain))
#20 /Library/WebServer/Documents/yii/framework/web/CController.php(283): CFilterChain->run()
#21 /Library/WebServer/Documents/yii/framework/web/CController.php(257): CController->runActionWithFilters(Object(CInlineAction), Array)
#22 /Library/WebServer/Documents/yii/framework/web/CWebApplication.php(328): CController->run('create')
#23 /Library/WebServer/Documents/yii/framework/web/CWebApplication.php(121): CWebApplication->runController('ticket/create')
#24 /Library/WebServer/Documents/yii/framework/base/CApplication.php(155): CWebApplication->processRequest()
#25 /Library/WebServer/Documents/yii/ticket_mgmt/index.php(14): CApplication->run()
#26 {main} REQUEST_URI=/yii/ticket_mgmt/index.php?r=ticket/create
2016/01/21 00:10:23 [error] [php] Illegal offset type (/Library/WebServer/Documents/yii/ticket_mgmt/protected/models/User.php:134)
Stack trace:
#0 /Library/WebServer/Documents/yii/framework/web/CBaseController.php(88): TicketController->renderInternal()
#1 /Library/WebServer/Documents/yii/framework/web/CController.php(833): TicketController->renderFile()
#2 /Library/WebServer/Documents/yii/ticket_mgmt/protected/views/ticket/create.php(15): TicketController->renderPartial()
#3 /Library/WebServer/Documents/yii/framework/web/CBaseController.php(119): require()
#4 /Library/WebServer/Documents/yii/framework/web/CBaseController.php(88): TicketController->renderInternal()
#5 /Library/WebServer/Documents/yii/framework/web/CController.php(833): TicketController->renderFile()
#6 /Library/WebServer/Documents/yii/framework/web/CController.php(746): TicketController->renderPartial()
#7 /Library/WebServer/Documents/yii/ticket_mgmt/protected/controllers/TicketController.php(81): TicketController->render()
#8 /Library/WebServer/Documents/yii/framework/web/actions/CInlineAction.php(57): TicketController->actionCreate()
#9 /Library/WebServer/Documents/yii/framework/web/CController.php(300): CInlineAction->run()
#10 /Library/WebServer/Documents/yii/framework/web/filters/CFilterChain.php(133): TicketController->runAction()
#11 /Library/WebServer/Documents/yii/framework/web/filters/CFilter.php(41): CFilterChain->run()
#12 /Library/WebServer/Documents/yii/framework/web/CController.php(1088): CAccessControlFilter->filter()
#13 /Library/WebServer/Documents/yii/framework/web/filters/CInlineFilter.php(59): TicketController->filterAccessControl()
#14 /Library/WebServer/Documents/yii/framework/web/filters/CFilterChain.php(130): CInlineFilter->filter()
#15 /Library/WebServer/Documents/yii/framework/web/CController.php(283): CFilterChain->run()
#16 /Library/WebServer/Documents/yii/framework/web/CController.php(257): TicketController->runActionWithFilters()
#17 /Library/WebServer/Documents/yii/framework/web/CWebApplication.php(328): TicketController->run()
#18 /Library/WebServer/Documents/yii/framework/web/CWebApplication.php(121): CWebApplication->runController()
#19 /Library/WebServer/Documents/yii/framework/base/CApplication.php(155): CWebApplication->processRequest()
#20 /Library/WebServer/Documents/yii/ticket_mgmt/index.php(14): CWebApplication->run()
REQUEST_URI=/yii/ticket_mgmt/index.php?r=ticket/create
in /Library/WebServer/Documents/yii/ticket_mgmt/protected/models/User.php (134)
in /Library/WebServer/Documents/yii/ticket_mgmt/protected/views/ticket/_form.php (168)
in /Library/WebServer/Documents/yii/ticket_mgmt/protected/views/ticket/create.php (15)
2016/01/21 23:13:10 [warning] [application] 设置非安全（unsafe）属性 "user_code" 失败。
in /Library/WebServer/Documents/yii/ticket_mgmt/protected/controllers/TicketController.php (71)
in /Library/WebServer/Documents/yii/ticket_mgmt/index.php (14)
2016/01/21 23:14:03 [warning] [application] 设置非安全（unsafe）属性 "user_code" 失败。
in /Library/WebServer/Documents/yii/ticket_mgmt/protected/controllers/TicketController.php (98)
in /Library/WebServer/Documents/yii/ticket_mgmt/index.php (14)
2016/01/21 23:15:09 [warning] [application] 设置非安全（unsafe）属性 "user_code" 失败。
in /Library/WebServer/Documents/yii/ticket_mgmt/protected/controllers/TicketController.php (147)
in /Library/WebServer/Documents/yii/ticket_mgmt/index.php (14)
2016/01/21 23:15:10 [warning] [application] 设置非安全（unsafe）属性 "user_code" 失败。
in /Library/WebServer/Documents/yii/ticket_mgmt/protected/controllers/TicketController.php (147)
in /Library/WebServer/Documents/yii/ticket_mgmt/index.php (14)
2016/01/21 23:15:13 [warning] [application] 设置非安全（unsafe）属性 "user_code" 失败。
in /Library/WebServer/Documents/yii/ticket_mgmt/protected/controllers/TicketController.php (147)
in /Library/WebServer/Documents/yii/ticket_mgmt/index.php (14)
2016/01/21 23:22:42 [warning] [application] 设置非安全（unsafe）属性 "user_code" 失败。
in /Library/WebServer/Documents/yii/ticket_mgmt/protected/controllers/TicketController.php (99)
in /Library/WebServer/Documents/yii/ticket_mgmt/index.php (14)
2016/01/21 23:24:41 [warning] [application] 设置非安全（unsafe）属性 "user_code" 失败。
in /Library/WebServer/Documents/yii/ticket_mgmt/protected/controllers/TicketController.php (99)
in /Library/WebServer/Documents/yii/ticket_mgmt/index.php (14)
2016/01/21 23:24:57 [warning] [application] 设置非安全（unsafe）属性 "user_code" 失败。
in /Library/WebServer/Documents/yii/ticket_mgmt/protected/controllers/TicketController.php (99)
in /Library/WebServer/Documents/yii/ticket_mgmt/index.php (14)
2016/01/21 23:26:28 [warning] [application] 设置非安全（unsafe）属性 "user_code" 失败。
in /Library/WebServer/Documents/yii/ticket_mgmt/protected/controllers/TicketController.php (99)
in /Library/WebServer/Documents/yii/ticket_mgmt/index.php (14)
2016/01/21 23:27:02 [warning] [application] 设置非安全（unsafe）属性 "user_code" 失败。
in /Library/WebServer/Documents/yii/ticket_mgmt/protected/controllers/TicketController.php (99)
in /Library/WebServer/Documents/yii/ticket_mgmt/index.php (14)
2016/01/21 23:28:34 [warning] [application] 设置非安全（unsafe）属性 "user_code" 失败。
in /Library/WebServer/Documents/yii/ticket_mgmt/protected/controllers/TicketController.php (71)
in /Library/WebServer/Documents/yii/ticket_mgmt/index.php (14)
2016/01/21 23:31:16 [warning] [application] 设置非安全（unsafe）属性 "user_code" 失败。
in /Library/WebServer/Documents/yii/ticket_mgmt/protected/controllers/TicketController.php (100)
in /Library/WebServer/Documents/yii/ticket_mgmt/index.php (14)
2016/01/21 23:32:30 [warning] [application] 设置非安全（unsafe）属性 "user_code" 失败。
in /Library/WebServer/Documents/yii/ticket_mgmt/protected/controllers/TicketController.php (71)
in /Library/WebServer/Documents/yii/ticket_mgmt/index.php (14)
